The system is: Linux - 4.4.0-18362-Microsoft - x86_64
Compiling the C compiler identification source file "CMakeCCompilerId.c" succeeded.
Compiler: /usr/bin/cc 
Build flags: 
Id flags:  

The output was:
0


Compilation of the C compiler identification source "CMakeCCompilerId.c" produced "a.out"

The C compiler identification is GNU, found in "/mnt/d/GitHub/tko-libraries/cpp-util/cmake-build-debug/CMakeFiles/3.16.3/CompilerIdC/a.out"

Compiling the CXX compiler identification source file "CMakeCXXCompilerId.cpp" succeeded.
Compiler: /usr/bin/c++ 
Build flags: 
Id flags:  

The output was:
0


Compilation of the CXX compiler identification source "CMakeCXXCompilerId.cpp" produced "a.out"

The CXX compiler identification is GNU, found in "/mnt/d/GitHub/tko-libraries/cpp-util/cmake-build-debug/CMakeFiles/3.16.3/CompilerIdCXX/a.out"

Determining if the C compiler works passed with the following output:
Change Dir: /mnt/d/GitHub/tko-libraries/cpp-util/cmake-build-debug/CMakeFiles/CMakeTmp

Run Build Command(s):/usr/bin/make cmTC_76d04/fast && /usr/bin/make -f CMakeFiles/cmTC_76d04.dir/build.make CMakeFiles/cmTC_76d04.dir/build
make[1]: Entering directory '/mnt/d/GitHub/tko-libraries/cpp-util/cmake-build-debug/CMakeFiles/CMakeTmp'
Building C object CMakeFiles/cmTC_76d04.dir/testCCompiler.c.o
/usr/bin/cc    -o CMakeFiles/cmTC_76d04.dir/testCCompiler.c.o   -c /mnt/d/GitHub/tko-libraries/cpp-util/cmake-build-debug/CMakeFiles/CMakeTmp/testCCompiler.c
Linking C executable cmTC_76d04
/usr/bin/cmake -E cmake_link_script CMakeFiles/cmTC_76d04.dir/link.txt --verbose=1
/usr/bin/cc      CMakeFiles/cmTC_76d04.dir/testCCompiler.c.o  -o cmTC_76d04 
make[1]: Leaving directory '/mnt/d/GitHub/tko-libraries/cpp-util/cmake-build-debug/CMakeFiles/CMakeTmp'



Determining if the CXX compiler works passed with the following output:
Change Dir: /mnt/d/GitHub/tko-libraries/cpp-util/cmake-build-debug/CMakeFiles/CMakeTmp

Run Build Command(s):/usr/bin/make cmTC_38b05/fast && /usr/bin/make -f CMakeFiles/cmTC_38b05.dir/build.make CMakeFiles/cmTC_38b05.dir/build
make[1]: Entering directory '/mnt/d/GitHub/tko-libraries/cpp-util/cmake-build-debug/CMakeFiles/CMakeTmp'
Building CXX object CMakeFiles/cmTC_38b05.dir/testCXXCompiler.cxx.o
/usr/bin/c++     -o CMakeFiles/cmTC_38b05.dir/testCXXCompiler.cxx.o -c /mnt/d/GitHub/tko-libraries/cpp-util/cmake-build-debug/CMakeFiles/CMakeTmp/testCXXCompiler.cxx
Linking CXX executable cmTC_38b05
/usr/bin/cmake -E cmake_link_script CMakeFiles/cmTC_38b05.dir/link.txt --verbose=1
/usr/bin/c++       CMakeFiles/cmTC_38b05.dir/testCXXCompiler.cxx.o  -o cmTC_38b05 
make[1]: Leaving directory '/mnt/d/GitHub/tko-libraries/cpp-util/cmake-build-debug/CMakeFiles/CMakeTmp'



